{
  "RSpec": {
    "coverage": {
      "/Users/clayo/Web-Dev/3-Mod/Final/sweater_weather_api/spec/test_helper.rb": {
        "lines": [
          1,
          null,
          2,
          null,
          null,
          null,
          null,
          null,
          null,
          null,
          null,
          null,
          null,
          null,
          null,
          null,
          null,
          null,
          null,
          null,
          null,
          null,
          null,
          null,
          null,
          null,
          null,
          null,
          null,
          null,
          null,
          null,
          null,
          null,
          null,
          null,
          null,
          null,
          null,
          null,
          null,
          null,
          null,
          null,
          null,
          null,
          null,
          null,
          null,
          null,
          null,
          null,
          null,
          null,
          null,
          null,
          null,
          null,
          null,
          null,
          null,
          null,
          null,
          null,
          null,
          null,
          null,
          null,
          null,
          null,
          null,
          null,
          null,
          null,
          null,
          null,
          null,
          null,
          null,
          null,
          null,
          null,
          null,
          null,
          null,
          null,
          null,
          null,
          null,
          null,
          null,
          null,
          null,
          null,
          null,
          null,
          null,
          null,
          null,
          null,
          null,
          null,
          null,
          null,
          null,
          null,
          null,
          null,
          null,
          null,
          null,
          null,
          null,
          null,
          null,
          null,
          null,
          null,
          null,
          null,
          null,
          null,
          null,
          null,
          null,
          null,
          null,
          null,
          null,
          null,
          null,
          null,
          null,
          null,
          null,
          null,
          null,
          null,
          null,
          null,
          null,
          null,
          null,
          null,
          null,
          null,
          null,
          null,
          null,
          null,
          null,
          null,
          null,
          null,
          null,
          null,
          null,
          null,
          null,
          null,
          null,
          null,
          null,
          null,
          null,
          null,
          null,
          null,
          null,
          null
        ]
      },
      "/Users/clayo/Web-Dev/3-Mod/Final/sweater_weather_api/config/environment.rb": {
        "lines": [
          null,
          1,
          null,
          null,
          1
        ]
      },
      "/Users/clayo/Web-Dev/3-Mod/Final/sweater_weather_api/config/application.rb": {
        "lines": [
          1,
          null,
          1,
          null,
          1,
          1,
          1,
          1,
          1,
          1,
          1,
          1,
          1,
          1,
          null,
          null,
          null,
          null,
          1,
          null,
          1,
          1,
          null,
          1,
          null,
          null,
          null,
          null,
          1,
          null,
          null,
          null,
          null,
          null,
          null,
          null,
          null,
          null,
          null,
          null,
          null,
          1,
          null,
          null
        ]
      },
      "/Users/clayo/Web-Dev/3-Mod/Final/sweater_weather_api/config/boot.rb": {
        "lines": [
          1,
          null,
          1,
          1
        ]
      },
      "/Users/clayo/Web-Dev/3-Mod/Final/sweater_weather_api/config/environments/test.rb": {
        "lines": [
          1,
          null,
          null,
          null,
          null,
          null,
          null,
          1,
          null,
          null,
          null,
          1,
          null,
          null,
          null,
          null,
          null,
          1,
          null,
          null,
          1,
          1,
          null,
          null,
          null,
          null,
          1,
          1,
          1,
          null,
          null,
          1,
          null,
          null,
          1,
          null,
          null,
          1,
          null,
          1,
          null,
          null,
          null,
          null,
          1,
          null,
          null,
          1,
          null,
          null,
          1,
          null,
          null,
          1,
          null,
          null,
          null,
          null,
          null,
          null,
          null,
          null,
          1,
          null
        ]
      },
      "/Users/clayo/Web-Dev/3-Mod/Final/sweater_weather_api/config/initializers/cors.rb": {
        "lines": [
          null,
          null,
          null,
          null,
          null,
          null,
          null,
          null,
          null,
          null,
          null,
          null,
          null,
          null,
          null,
          null
        ]
      },
      "/Users/clayo/Web-Dev/3-Mod/Final/sweater_weather_api/config/initializers/filter_parameter_logging.rb": {
        "lines": [
          null,
          null,
          null,
          null,
          null,
          1,
          null,
          null
        ]
      },
      "/Users/clayo/Web-Dev/3-Mod/Final/sweater_weather_api/config/initializers/inflections.rb": {
        "lines": [
          null,
          null,
          null,
          null,
          null,
          null,
          null,
          null,
          null,
          null,
          null,
          null,
          null,
          null,
          null,
          null
        ]
      },
      "/Users/clayo/Web-Dev/3-Mod/Final/sweater_weather_api/config/routes.rb": {
        "lines": [
          1,
          null,
          null,
          null,
          null,
          1,
          null,
          null,
          null,
          null,
          1,
          1,
          1,
          1,
          null,
          1,
          1,
          1,
          1,
          null,
          null,
          null,
          null
        ]
      },
      "/Users/clayo/Web-Dev/3-Mod/Final/sweater_weather_api/spec/facades/munchies_facade_spec.rb": {
        "lines": [
          1,
          null,
          1,
          1,
          null,
          1,
          1,
          null,
          1,
          null,
          1,
          null,
          1,
          1,
          1,
          null,
          1,
          1,
          1,
          1,
          null,
          null,
          null,
          null
        ]
      },
      "/Users/clayo/Web-Dev/3-Mod/Final/sweater_weather_api/spec/facades/roadtrip_facade_spec.rb": {
        "lines": [
          1,
          null,
          1,
          1,
          null,
          1,
          1,
          1,
          null,
          null,
          1,
          null,
          null,
          null,
          null,
          1,
          null,
          null,
          null,
          null,
          null,
          null
        ]
      },
      "/Users/clayo/Web-Dev/3-Mod/Final/sweater_weather_api/spec/poros/forecast_spec.rb": {
        "lines": [
          1,
          null,
          1,
          1,
          1,
          null,
          1,
          null,
          1,
          null,
          null,
          null,
          1,
          1,
          null,
          null,
          1,
          1,
          1,
          1,
          1,
          1,
          1,
          1,
          1,
          1,
          null,
          null,
          1,
          1,
          1,
          null,
          null,
          1,
          1,
          1,
          null,
          null
        ]
      },
      "/Users/clayo/Web-Dev/3-Mod/Final/sweater_weather_api/spec/poros/restraurant_spec.rb": {
        "lines": [
          1,
          null,
          1,
          1,
          null,
          1,
          1,
          null,
          1,
          1,
          1,
          1,
          1,
          1,
          1,
          1,
          null,
          1,
          null,
          1,
          1,
          1,
          null,
          1,
          1,
          1,
          null,
          1,
          1,
          1,
          1,
          1,
          null,
          null,
          null,
          null
        ]
      },
      "/Users/clayo/Web-Dev/3-Mod/Final/sweater_weather_api/spec/requests/api/v0/forcasts_requests/index_spec.rb": {
        "lines": [
          1,
          null,
          1,
          1,
          null,
          1,
          null,
          1,
          null,
          1,
          null,
          1,
          null,
          1,
          1,
          null,
          1,
          1,
          1,
          1,
          1,
          1,
          null,
          1,
          1,
          1,
          1,
          1,
          null,
          1,
          1,
          1,
          1,
          1,
          1,
          1,
          1,
          1,
          null,
          1,
          1,
          1,
          1,
          1,
          1,
          1,
          1,
          1,
          null,
          1,
          1,
          1,
          1,
          1,
          1,
          null,
          null
        ]
      },
      "/Users/clayo/Web-Dev/3-Mod/Final/sweater_weather_api/spec/requests/api/v0/munchies_requests/index_spec.rb": {
        "lines": [
          1,
          null,
          1,
          1,
          null,
          1,
          1,
          null,
          1,
          null,
          1,
          null,
          1,
          null,
          1,
          1,
          null,
          1,
          1,
          1,
          1,
          1,
          1,
          null,
          1,
          null,
          1,
          1,
          1,
          1,
          1,
          1,
          1,
          null,
          1,
          1,
          1,
          1,
          1,
          1,
          1,
          1,
          1,
          null,
          null
        ]
      },
      "/Users/clayo/Web-Dev/3-Mod/Final/sweater_weather_api/spec/requests/api/v0/roadtrip_requests/create_spec.rb": {
        "lines": [
          1,
          null,
          1,
          1,
          null,
          1,
          null,
          null,
          null,
          null,
          1,
          null,
          1,
          null,
          1,
          null,
          null,
          1,
          1,
          1,
          1,
          1,
          null,
          1,
          1,
          1,
          1,
          1,
          null,
          null,
          1,
          1,
          null,
          1,
          1,
          1,
          1,
          null,
          null,
          1,
          null,
          1,
          null,
          null,
          null,
          null,
          1,
          null,
          1,
          null,
          null,
          1,
          null,
          1,
          null,
          null,
          null,
          null,
          1,
          null,
          1,
          null,
          null,
          1,
          null,
          1,
          null,
          null,
          null,
          null,
          1,
          null,
          1,
          null,
          1,
          null,
          1,
          null,
          null
        ]
      },
      "/Users/clayo/Web-Dev/3-Mod/Final/sweater_weather_api/spec/requests/api/v0/session_requests/create_spec.rb": {
        "lines": [
          1,
          null,
          1,
          1,
          1,
          null,
          null,
          1,
          null,
          null,
          null,
          null,
          1,
          null,
          1,
          1,
          null,
          1,
          1,
          1,
          1,
          1,
          1,
          1,
          null,
          null,
          null,
          1,
          1,
          null,
          null,
          1,
          null,
          null,
          null,
          null,
          1,
          null,
          1,
          null,
          1,
          1,
          null,
          null,
          null
        ]
      },
      "/Users/clayo/Web-Dev/3-Mod/Final/sweater_weather_api/spec/requests/api/v0/user_requests/create_spec.rb": {
        "lines": [
          1,
          null,
          1,
          1,
          null,
          1,
          null,
          null,
          null,
          null,
          1,
          null,
          1,
          1,
          null,
          1,
          1,
          1,
          1,
          1,
          1,
          1,
          null,
          null,
          null,
          1,
          null,
          1,
          null,
          null,
          null,
          null,
          null,
          1,
          null,
          1,
          null,
          1,
          1,
          1,
          null,
          null,
          null,
          null,
          1,
          1,
          null,
          null,
          1,
          null,
          null,
          null,
          null,
          1,
          null,
          1,
          null,
          1,
          1,
          1,
          null,
          null,
          null
        ]
      },
      "/Users/clayo/Web-Dev/3-Mod/Final/sweater_weather_api/spec/serializers/forecast_serializer_spec.rb": {
        "lines": [
          1,
          null,
          1,
          1,
          1,
          null,
          1,
          1,
          null,
          1,
          null,
          1,
          1,
          null,
          1,
          1,
          null,
          1,
          1,
          1,
          1,
          1,
          1,
          1,
          1,
          1,
          null,
          1,
          1,
          1,
          1,
          1,
          1,
          1,
          1,
          null,
          1,
          1,
          1,
          1,
          1,
          null,
          null
        ]
      },
      "/Users/clayo/Web-Dev/3-Mod/Final/sweater_weather_api/app/serializers/forecast_serializer.rb": {
        "lines": [
          1,
          1,
          1,
          null
        ]
      },
      "/Users/clayo/Web-Dev/3-Mod/Final/sweater_weather_api/spec/serializers/munchies_serializer_spec.rb": {
        "lines": [
          1,
          null,
          1,
          1,
          1,
          1,
          null,
          1,
          null,
          1,
          null,
          1,
          1,
          null,
          1,
          1,
          1,
          1,
          null,
          1,
          1,
          1,
          1,
          null,
          null
        ]
      },
      "/Users/clayo/Web-Dev/3-Mod/Final/sweater_weather_api/app/serializers/munchies_serializer.rb": {
        "lines": [
          1,
          1,
          1,
          1,
          null
        ]
      },
      "/Users/clayo/Web-Dev/3-Mod/Final/sweater_weather_api/spec/services/location_service_spec.rb": {
        "lines": [
          1,
          null,
          1,
          1,
          null,
          null,
          null,
          null,
          1,
          null,
          1,
          null,
          1,
          1,
          1,
          null,
          1,
          1,
          null,
          1,
          1,
          null,
          1,
          1,
          null,
          null,
          1,
          1,
          1,
          null,
          1,
          1,
          null,
          null,
          1,
          1,
          1,
          null,
          1,
          1,
          null,
          null
        ]
      },
      "/Users/clayo/Web-Dev/3-Mod/Final/sweater_weather_api/spec/services/restaurant_service_spec.rb": {
        "lines": [
          1,
          null,
          1,
          1,
          null,
          1,
          1,
          null,
          1,
          null,
          1,
          1,
          null,
          1,
          2,
          null,
          null
        ]
      },
      "/Users/clayo/Web-Dev/3-Mod/Final/sweater_weather_api/spec/services/weather_service_spec.rb": {
        "lines": [
          1,
          null,
          1,
          1,
          null,
          1,
          1,
          null,
          1,
          null,
          1,
          1,
          1,
          1,
          1,
          null,
          1,
          1,
          1,
          1,
          1,
          1,
          1,
          null,
          null,
          1,
          null,
          1,
          1,
          null,
          1,
          null,
          1,
          1,
          1,
          1,
          1,
          null,
          1,
          1,
          1,
          1,
          1,
          1,
          1,
          1,
          1,
          1,
          null,
          1,
          1,
          1,
          1,
          null,
          null,
          1,
          1,
          1,
          1,
          null,
          null
        ]
      },
      "/Users/clayo/Web-Dev/3-Mod/Final/sweater_weather_api/app/facades/forecast_facade.rb": {
        "lines": [
          1,
          1,
          2,
          2,
          2,
          2,
          2,
          2,
          null,
          null,
          1,
          1,
          1,
          1,
          1,
          1,
          1,
          null,
          null,
          null
        ]
      },
      "/Users/clayo/Web-Dev/3-Mod/Final/sweater_weather_api/app/services/location_service.rb": {
        "lines": [
          1,
          null,
          1,
          22,
          22,
          null,
          null,
          null,
          1,
          11,
          11,
          null,
          null,
          1,
          null,
          11,
          null,
          null,
          1,
          5,
          5,
          5,
          5,
          5,
          5,
          null,
          null,
          5,
          5,
          null,
          5,
          3,
          3,
          null,
          2,
          null,
          null,
          null,
          null
        ]
      },
      "/Users/clayo/Web-Dev/3-Mod/Final/sweater_weather_api/app/services/weather_service.rb": {
        "lines": [
          1,
          null,
          1,
          12,
          12,
          null,
          null,
          null,
          1,
          12,
          12,
          null,
          null,
          null,
          1,
          6,
          6,
          null,
          null,
          1,
          6,
          6,
          null,
          null
        ]
      },
      "/Users/clayo/Web-Dev/3-Mod/Final/sweater_weather_api/app/poros/forecast.rb": {
        "lines": [
          1,
          1,
          null,
          1,
          null,
          12,
          12,
          null,
          12,
          null,
          null,
          null,
          null,
          null,
          null,
          null,
          null,
          12,
          7,
          7,
          null,
          null,
          null,
          12,
          7,
          null,
          7,
          null,
          null,
          null,
          null,
          null,
          null,
          null,
          7,
          null,
          null,
          null,
          null,
          12,
          7,
          null,
          124,
          null,
          null,
          null,
          null,
          124,
          null,
          null,
          null,
          null,
          null
        ]
      },
      "/Users/clayo/Web-Dev/3-Mod/Final/sweater_weather_api/app/facades/munchies_facade.rb": {
        "lines": [
          1,
          1,
          3,
          3,
          3,
          3,
          3,
          3,
          3,
          3,
          3,
          null,
          null
        ]
      },
      "/Users/clayo/Web-Dev/3-Mod/Final/sweater_weather_api/app/services/restaurant_service.rb": {
        "lines": [
          1,
          null,
          1,
          5,
          5,
          null,
          null,
          null,
          1,
          5,
          5,
          null,
          null,
          1,
          null,
          5,
          null,
          null,
          null,
          5,
          null,
          null,
          null
        ]
      },
      "/Users/clayo/Web-Dev/3-Mod/Final/sweater_weather_api/app/poros/restaurant.rb": {
        "lines": [
          1,
          1,
          null,
          1,
          null,
          4,
          4,
          4,
          null,
          4,
          null,
          null,
          null,
          4,
          null,
          null,
          null,
          null,
          null,
          null
        ]
      },
      "/Users/clayo/Web-Dev/3-Mod/Final/sweater_weather_api/app/facades/roadtrip_facade.rb": {
        "lines": [
          1,
          1,
          3,
          3,
          3,
          null,
          3,
          3,
          2,
          2,
          2,
          null,
          null,
          3,
          3,
          3,
          3,
          3,
          3,
          3,
          2,
          null,
          3,
          null,
          null,
          null,
          null
        ]
      },
      "/Users/clayo/Web-Dev/3-Mod/Final/sweater_weather_api/app/poros/trip.rb": {
        "lines": [
          1,
          1,
          null,
          1,
          3,
          3,
          3,
          3,
          3,
          3,
          null,
          2,
          null,
          null,
          null,
          null,
          null,
          null
        ]
      },
      "/Users/clayo/Web-Dev/3-Mod/Final/sweater_weather_api/app/controllers/api/v0/forecast_controller.rb": {
        "lines": [
          1,
          1,
          1,
          1,
          null,
          null
        ]
      },
      "/Users/clayo/Web-Dev/3-Mod/Final/sweater_weather_api/app/controllers/application_controller.rb": {
        "lines": [
          1,
          null
        ]
      },
      "/Users/clayo/Web-Dev/3-Mod/Final/sweater_weather_api/app/controllers/api/v0/munchies_controller.rb": {
        "lines": [
          1,
          1,
          1,
          1,
          null,
          null
        ]
      },
      "/Users/clayo/Web-Dev/3-Mod/Final/sweater_weather_api/app/controllers/api/v0/road_trip_controller.rb": {
        "lines": [
          1,
          1,
          4,
          4,
          2,
          2,
          null,
          2,
          2,
          null,
          null
        ]
      },
      "/Users/clayo/Web-Dev/3-Mod/Final/sweater_weather_api/app/serializers/roadtrip_serializer.rb": {
        "lines": [
          1,
          1,
          1,
          1,
          null
        ]
      },
      "/Users/clayo/Web-Dev/3-Mod/Final/sweater_weather_api/app/models/user.rb": {
        "lines": [
          1,
          null,
          1,
          1,
          null,
          1,
          1,
          1,
          1,
          null,
          null,
          null,
          1,
          null,
          1,
          null,
          1,
          9,
          null,
          null
        ]
      },
      "/Users/clayo/Web-Dev/3-Mod/Final/sweater_weather_api/app/models/application_record.rb": {
        "lines": [
          1,
          1,
          null
        ]
      },
      "/Users/clayo/Web-Dev/3-Mod/Final/sweater_weather_api/app/controllers/api/v0/sessions_controller.rb": {
        "lines": [
          1,
          1,
          2,
          2,
          2,
          1,
          null,
          1,
          null,
          null,
          null
        ]
      },
      "/Users/clayo/Web-Dev/3-Mod/Final/sweater_weather_api/app/serializers/user_serializer.rb": {
        "lines": [
          1,
          1,
          1,
          1,
          null
        ]
      },
      "/Users/clayo/Web-Dev/3-Mod/Final/sweater_weather_api/app/controllers/api/v0/users_controller.rb": {
        "lines": [
          1,
          null,
          1,
          3,
          3,
          3,
          1,
          2,
          1,
          null,
          1,
          null,
          null,
          null
        ]
      }
    },
    "timestamp": 1705444504
  }
}
